<?xml version="1.0" encoding="UTF-8"?>
<!-- Generated by org.testng.reporters.JUnitXMLReporter -->
<testsuite ignored="0" hostname="TYSS-Magendran" failures="1" tests="7" name="Test" time="87.291" errors="0" timestamp="2024-05-27T14:57:38 IST">
  <testcase classname="com.comcast.crm.Verification.loginAndVerification" name="loginpageVerification" time="0.151"/>
  <testcase classname="com.comcast.crm.Verification.loginSoftAssert" name="loginSoft" time="0.083">
    <failure type="java.lang.AssertionError" message="The following asserts failed:
	expected [Home] but found [ ]">
      <![CDATA[java.lang.AssertionError: The following asserts failed:
expected [Home] but found [ ]
at com.comcast.crm.Verification.loginSoftAssert.loginSoft(loginSoftAssert.java:22)
at java.base/java.util.ArrayList.forEach(ArrayList.java:1511)
at java.base/java.util.concurrent.FutureTask.run(FutureTask.java:264)
at java.base/java.util.concurrent.ThreadPoolExecutor.runWorker(ThreadPoolExecutor.java:1136)
at java.base/java.util.concurrent.ThreadPoolExecutor$Worker.run(ThreadPoolExecutor.java:635)
at java.base/java.lang.Thread.run(Thread.java:842)
... Removed 20 stack frames]]>
    </failure>
  </testcase> <!-- loginSoft -->
  <testcase classname="com.comcast.crm.LoginTest.loginModule" name="loginINTOCRM" time="6.336"/>
  <testcase classname="com.comcast.crm.ExtentReport.LoginTOApplicationReport" name="loginExtentReport" time="0.009"/>
  <testcase classname="com.comcast.crm.createLead.createLead" name="s" time="13.091"/>
  <testcase classname="com.comcast.crm.createOrg.createAndDelete" name="createOrg" time="7.391"/>
  <testcase classname="com.comcast.crm.createOrg.createOrganizationRandomName" name="createOrganization" time="4.623"/>
</testsuite> <!-- Test -->
